<?xml version="1.0" encoding="UTF-8"?>
<testng-results skipped="0" failed="0" total="1" passed="1">
  <reporter-output>
  </reporter-output>
  <suite name="Default suite" duration-ms="21731" started-at="2017-04-10T18:21:47Z" finished-at="2017-04-10T18:22:08Z">
    <groups>
    </groups>
    <test name="Default test" duration-ms="21731" started-at="2017-04-10T18:21:47Z" finished-at="2017-04-10T18:22:08Z">
      <class name="testNGPackage.FirstTestNGProg">
        <test-method status="PASS" signature="intialSetUp()[pri:0, instance:testNGPackage.FirstTestNGProg@5442a311]" name="intialSetUp" is-config="true" duration-ms="13165" started-at="2017-04-10T23:51:47Z" finished-at="2017-04-10T23:52:00Z">
          <reporter-output>
          </reporter-output>
        </test-method> <!-- intialSetUp -->
        <test-method status="PASS" signature="f()[pri:0, instance:testNGPackage.FirstTestNGProg@5442a311]" name="f" duration-ms="8543" started-at="2017-04-10T23:52:00Z" finished-at="2017-04-10T23:52:08Z">
          <reporter-output>
          </reporter-output>
        </test-method> <!-- f -->
      </class> <!-- testNGPackage.FirstTestNGProg -->
    </test> <!-- Default test -->
  </suite> <!-- Default suite -->
</testng-results>
